  raytracer.cpp
C:\Users\William\OneDrive\Documents\SchoolWork\3k\3431\RayTracer\RayTracer\RayTracer\raytracer.cpp(203,38): warning C4244: '=': conversion from 'genType' to 'unsigned char', possible loss of data
          with
          [
              genType=float
          ]
C:\Users\William\OneDrive\Documents\SchoolWork\3k\3431\RayTracer\RayTracer\RayTracer\raytracer.cpp(204,42): warning C4244: '=': conversion from 'genType' to 'unsigned char', possible loss of data
          with
          [
              genType=float
          ]
C:\Users\William\OneDrive\Documents\SchoolWork\3k\3431\RayTracer\RayTracer\RayTracer\raytracer.cpp(205,42): warning C4244: '=': conversion from 'genType' to 'unsigned char', possible loss of data
          with
          [
              genType=float
          ]
  Generating code
  2 of 384 functions ( 0.5%) were compiled, the rest were copied from previous compilation.
    0 functions were new in current compilation
    1 functions had inline decision re-evaluated but remain unchanged
  Finished generating code
  RayTracer.vcxproj -> C:\Users\William\OneDrive\Documents\SchoolWork\3k\3431\RayTracer\RayTracer\x64\Release\RayTracer.exe
